<?xml version="1.0" encoding="utf-8"?><testsuites name="pytest tests"><testsuite name="pytest" errors="0" failures="0" skipped="0" tests="11" time="4.630" timestamp="2026-09-24T11:04:28.760757+00:00" hostname="agent-env-a6272c5b-645a-49a6-a667-305ddbf8c3f6"><testcase classname="tests.test_iter11_deck_batch.TestDiscoverBatch" name="test_first_batch_returns_seven_unique" time="0.231" /><testcase classname="tests.test_iter31_cover_run_readonly" name="test_health_tts_and_stripe_guards" time="0.326" /><testcase classname="tests.test_iter11_deck_batch.TestDiscoverBatch" name="test_second_batch_with_exclude_is_disjoint" time="0.173" /><testcase classname="tests.test_iter31_cover_run_readonly" name="test_cover_report_baseline_and_progress_snapshot" time="0.001" /><testcase classname="tests.test_iter31_cover_run_readonly" name="test_db_total_and_generated_ids_applied" time="0.015" /><testcase classname="tests.test_iter31_cover_run_readonly" name="test_generated_media_endpoints_webp_portrait_and_limits" time="3.184" /><testcase classname="tests.test_iter11_deck_batch.TestDiscoverBatch" name="test_count_fourteen_ok_fifteen_rejected" time="0.202" /><testcase classname="tests.test_iter11_deck_batch.TestDiscoverBatch" name="test_interests_filter_spazio" time="0.100" /><testcase classname="tests.test_iter11_deck_batch.TestMediaHero" name="test_black_holes_hero_webp" time="0.115" /><testcase classname="tests.test_iter31_cover_run_readonly" name="test_discover_batch_uniqueness_and_exclude" time="0.145" /><testcase classname="tests.test_iter11_deck_batch.TestCategoryMediaTight" name="test_spazio_cutout_tight_png_rgba" time="0.553" /></testsuite></testsuites>