<?xml version="1.0" encoding="utf-8"?><testsuites name="pytest tests"><testsuite name="pytest" errors="0" failures="0" skipped="0" tests="6" time="1.043" timestamp="2026-09-24T10:08:55.727236+00:00" hostname="agent-env-a6272c5b-645a-49a6-a667-305ddbf8c3f6"><testcase classname="tests.test_iter11_deck_batch.TestCategoryMediaTight" name="test_spazio_cutout_tight_png_rgba" time="0.294" /><testcase classname="tests.test_iter11_deck_batch.TestDiscoverBatch" name="test_first_batch_returns_seven_unique" time="0.299" /><testcase classname="tests.test_iter11_deck_batch.TestMediaHero" name="test_black_holes_hero_webp" time="0.117" /><testcase classname="tests.test_iter11_deck_batch.TestDiscoverBatch" name="test_second_batch_with_exclude_is_disjoint" time="0.153" /><testcase classname="tests.test_iter11_deck_batch.TestDiscoverBatch" name="test_count_fourteen_ok_fifteen_rejected" time="0.144" /><testcase classname="tests.test_iter11_deck_batch.TestDiscoverBatch" name="test_interests_filter_spazio" time="0.066" /></testsuite></testsuites>