<?xml version="1.0" encoding="utf-8"?><testsuites name="pytest tests"><testsuite name="pytest" errors="0" failures="0" skipped="0" tests="10" time="5.892" timestamp="2026-09-24T15:30:59.829488+00:00" hostname="agent-env-c51c7c20-00dd-4d51-963a-67d8226dccb5"><testcase classname="tests.test_iter15_cover_batch_b055_verification" name="test_report_metadata_and_status_guardrails" time="0.002" /><testcase classname="tests.test_iter15_cover_batch_b055_verification" name="test_generated_and_rejected_lists_are_expected" time="0.001" /><testcase classname="tests.test_iter15_cover_batch_b055_verification" name="test_generated_story_api_links_digest_and_fields" time="1.277" /><testcase classname="tests.test_iter15_cover_batch_b055_verification" name="test_generated_media_endpoints_decode_webp_and_no_duplicate_hero_bytes" time="2.405" /><testcase classname="tests.test_iter15_cover_batch_b055_verification" name="test_generated_original_files_persisted_in_backend_covers" time="0.001" /><testcase classname="tests.test_iter15_cover_batch_b055_verification" name="test_existing_412_unchanged_against_db_and_story_api" time="0.111" /><testcase classname="tests.test_iter15_cover_batch_b055_verification" name="test_orbit_quarantine_and_absence_from_live_media" time="0.143" /><testcase classname="tests.test_iter15_cover_batch_b055_verification" name="test_previous_rejected_portrait_now_valid_and_not_quarantined" time="0.075" /><testcase classname="tests.test_iter15_cover_batch_b055_verification" name="test_current_coverage_count_and_remaining_missing_ids" time="0.005" /><testcase classname="tests.test_iter15_cover_batch_b055_verification" name="test_guard_scripts_refuse_operations_before_full_coverage" time="1.425" /></testsuite></testsuites>